\BOOKMARK [0][-]{chapter.1}{\376\377\000W\000s\000t\001\031\000p}{}% 1
\BOOKMARK [1][-]{section.1.1}{\376\377\000W\000p\000r\000o\000w\000a\000d\000z\000e\000n\000i\000e\000\040\000d\000o\000\040\000z\000a\000g\000a\000d\000n\000i\000e\000n\000i\000a}{chapter.1}% 2
\BOOKMARK [1][-]{section.1.2}{\376\377\000O\000s\000a\000d\000z\000e\000n\000i\000e\000\040\000p\000r\000o\000b\000l\000e\000m\000u\000\040\000w\000\040\000d\000z\000i\000e\000d\000z\000i\000n\000i\000e}{chapter.1}% 3
\BOOKMARK [1][-]{section.1.3}{\376\377\000C\000e\000l\000\040\000p\000r\000a\000c\000y}{chapter.1}% 4
\BOOKMARK [1][-]{section.1.4}{\376\377\000Z\000a\000k\000r\000e\000s\000\040\000p\000r\000a\000c\000y}{chapter.1}% 5
\BOOKMARK [1][-]{section.1.5}{\376\377\000C\000h\000a\000r\000a\000k\000t\000e\000r\000y\000s\000t\000y\000k\000a\000\040\000r\000o\000z\000d\000z\000i\000a\001\102\000\363\000w}{chapter.1}% 6
\BOOKMARK [0][-]{chapter.2}{\376\377\000A\000n\000a\000l\000i\000z\000a\000\040\000t\000e\000m\000a\000t\000u}{}% 7
\BOOKMARK [1][-]{section.2.1}{\376\377\000M\000i\000e\000j\000s\000c\000e\000\040\000k\000o\000d\000o\000w\000a\000n\000i\000a\000\040\000k\000a\000n\000a\001\102\000o\000w\000e\000g\000o\000\040\000w\000\040\000t\000o\000r\000z\000e\000\040\000P\000D\000S\000C\000H}{chapter.2}% 8
\BOOKMARK [1][-]{section.2.2}{\376\377\000B\000l\000o\000k\000\040\000t\000r\000a\000n\000s\000p\000o\000r\000t\000o\000w\000y\000\040\000i\000\040\000s\000u\000m\000y\000\040\000k\000o\000n\000t\000r\000o\000l\000n\000e\000\040\000C\000R\000C}{chapter.2}% 9
\BOOKMARK [1][-]{section.2.3}{\376\377\000D\000o\000b\000\363\000r\000\040\000p\000a\000r\000a\000m\000e\000t\000r\000\363\000w\000\040\000k\000o\000d\000o\000w\000a\000n\000i\000a\000\040\000L\000D\000P\000C}{chapter.2}% 10
\BOOKMARK [2][-]{subsection.2.3.1}{\376\377\000Z\000a\001\102\000o\001\174\000e\000n\000i\000a\000\040\000w\000e\000j\001\133\000c\000i\000o\000w\000e\000\040\000i\000\040\000p\000o\000j\001\031\000c\000i\000e\000\040\000d\000o\000c\000e\000l\000o\000w\000e\000g\000o\000\040\000w\000s\000p\000\363\001\102\000c\000z\000y\000n\000n\000i\000k\000a\000\040\000k\000o\000d\000o\000w\000a\000n\000i\000a}{section.2.3}% 11
\BOOKMARK [2][-]{subsection.2.3.2}{\376\377\000W\000y\000b\000\363\000r\000\040\000g\000r\000a\000f\000u\000\040\000b\000a\000z\000o\000w\000e\000g\000o}{section.2.3}% 12
\BOOKMARK [2][-]{subsection.2.3.3}{\376\377\000L\000i\000f\000t\000i\000n\000g\000\040\000i\000\040\000d\000o\000b\000\363\000r\000\040\000w\000a\000r\000t\000o\001\133\000c\000i\000\040\000Z\000c}{section.2.3}% 13
\BOOKMARK [2][-]{subsection.2.3.4}{\376\377\000Z\000a\000l\000e\001\174\000n\000o\001\133\001\007\000\040\000d\000o\000b\000o\000r\000u\000\040\000p\000a\000r\000a\000m\000e\000t\000r\000\363\000w\000\040\000L\000D\000P\000C\000\040\000o\000d\000\040\000s\000e\000g\000m\000e\000n\000t\000a\000c\000j\000i}{section.2.3}% 14
\BOOKMARK [1][-]{section.2.4}{\376\377\000S\000e\000g\000m\000e\000n\000t\000a\000c\000j\000a}{chapter.2}% 15
\BOOKMARK [2][-]{subsection.2.4.1}{\376\377\000M\000a\000k\000s\000y\000m\000a\000l\000n\000a\000\040\000d\001\102\000u\000g\000o\001\133\001\007\000\040\000b\000l\000o\000k\000u\000\040\000k\000o\000d\000o\000w\000e\000g\000o}{section.2.4}% 16
\BOOKMARK [2][-]{subsection.2.4.2}{\376\377\000W\000y\000z\000n\000a\000c\000z\000e\000n\000i\000e\000\040\000l\000i\000c\000z\000b\000y\000\040\000b\000l\000o\000k\000\363\000w\000\040\000k\000o\000d\000o\000w\000y\000c\000h\000\040\000i\000\040\000n\000a\000r\000z\000u\000t\000u\000\040\000C\000R\000C\000\040\000d\000l\000a\000\040\000C\000B}{section.2.4}% 17
\BOOKMARK [2][-]{subsection.2.4.3}{\376\377\000P\000o\000d\000z\000i\000a\001\102\000\040\000b\000i\000t\000\363\000w\000\040\000n\000a\000\040\000C\000B\000\040\000o\000r\000a\000z\000\040\000b\000i\000t\000y\000\040\000w\000y\000p\000e\001\102\000n\000i\000a\000j\001\005\000c\000e\000\040\000\050\000b\000r\000i\000t\000i\000s\000h\000f\000i\000l\000l\000e\000r\000\040\000b\000i\000t\000s\000\051}{section.2.4}% 18
\BOOKMARK [1][-]{section.2.5}{\376\377\000P\000r\000o\000c\000e\000s\000\040\000k\000o\000d\000o\000w\000a\000n\000i\000a\000\040\000L\000D\000P\000C}{chapter.2}% 19
\BOOKMARK [2][-]{subsection.2.5.1}{\376\377\000W\000a\000r\000u\000n\000e\000k\000\040\000p\000a\000r\000z\000y\000s\000t\000o\001\133\000c\000i\000\040\000i\000\040\000p\000o\000s\000t\000a\001\007\000\040\000s\001\102\000o\000w\000a\000\040\000k\000o\000d\000o\000w\000e\000g\000o}{section.2.5}% 20
\BOOKMARK [2][-]{subsection.2.5.2}{\376\377\000P\000o\000d\000z\000i\000a\001\102\000\040\000m\000a\000c\000i\000e\000r\000z\000y\000\040\000H\000\040\000i\000\040\000i\000d\000e\000a\000\040\000w\000y\000z\000n\000a\000c\000z\000a\000n\000i\000a\000\040\000p\000a\000r\000z\000y\000s\000t\000o\001\133\000c\000i}{section.2.5}% 21
\BOOKMARK [2][-]{subsection.2.5.3}{\376\377\000O\000p\000e\000r\000a\000c\000j\000e\000\040\000e\000l\000e\000m\000e\000n\000t\000a\000r\000n\000e\000:\000\040\000p\000r\000z\000e\000s\000u\000n\000i\001\031\000c\000i\000e\000\040\000c\000y\000k\000l\000i\000c\000z\000n\000e\000\040\000i\000\040\000a\000k\000u\000m\000u\000l\000a\000c\000j\000a\000\040\000X\000O\000R}{section.2.5}% 22
\BOOKMARK [2][-]{subsection.2.5.4}{\376\377\000W\000y\000z\000n\000a\000c\000z\000a\000n\000i\000e\000\040\000p\000i\000e\000r\000w\000s\000z\000y\000c\000h\000\040\000b\000l\000o\000k\000\363\000w\000\040\000p\000a\000r\000z\000y\000s\000t\000o\001\133\000c\000i}{section.2.5}% 23
\BOOKMARK [2][-]{subsection.2.5.5}{\376\377\000W\000y\000z\000n\000a\000c\000z\000a\000n\000i\000e\000\040\000p\000o\000z\000o\000s\000t\000a\001\102\000y\000c\000h\000\040\000b\000l\000o\000k\000\363\000w\000\040\000p\000a\000r\000z\000y\000s\000t\000o\001\133\000c\000i}{section.2.5}% 24
\BOOKMARK [1][-]{section.2.6}{\376\377\000b\000r\000i\000t\000i\000s\000h\000R\000a\000t\000e\000\040\000m\000a\000t\000c\000h\000i\000n\000g\000\040\000i\000\040\000p\000r\000z\000y\000g\000o\000t\000o\000w\000a\000n\000i\000e\000\040\000s\000t\000r\000u\000m\000i\000e\000n\000i\000a\000\040\000w\000\040\000z\000a\000k\000r\000e\000s\000i\000e\000\040\000p\000r\000a\000c\000y}{chapter.2}% 25
\BOOKMARK [0][-]{chapter.3}{\376\377\000W\000y\000m\000a\000g\000a\000n\000i\000a\000\040\000i\000\040\000n\000a\000r\000z\001\031\000d\000z\000i\000a}{}% 26
\BOOKMARK [1][-]{section.3.1}{\376\377\000Z\000a\001\102\000o\001\174\000e\000n\000i\000a\000\040\000p\000r\000o\000j\000e\000k\000t\000o\000w\000e}{chapter.3}% 27
\BOOKMARK [2][-]{subsection.3.1.1}{\376\377\000S\000p\000o\000s\000\363\000b\000\040\000p\000r\000z\000e\000t\000w\000a\000r\000z\000a\000n\000i\000a\000\040\000d\000a\000n\000y\000c\000h}{section.3.1}% 28
\BOOKMARK [2][-]{subsection.3.1.2}{\376\377\000M\000o\000d\000e\000l\000\040\000p\000r\000a\000c\000y}{section.3.1}% 29
\BOOKMARK [2][-]{subsection.3.1.3}{\376\377\000S\000t\000e\000r\000o\000w\000a\000n\000i\000e\000\040\000p\000r\000z\000e\000p\001\102\000y\000w\000e\000m\000\040\000d\000a\000n\000y\000c\000h}{section.3.1}% 30
\BOOKMARK [2][-]{subsection.3.1.4}{\376\377\000S\000p\000o\000s\000\363\000b\000\040\000p\000o\000d\000a\000w\000a\000n\000i\000a\000\040\000d\000a\000n\000y\000c\000h\000\040\000w\000e\000j\001\133\000c\000i\000o\000w\000y\000c\000h}{section.3.1}% 31
\BOOKMARK [2][-]{subsection.3.1.5}{\376\377\000E\000l\000a\000s\000t\000y\000c\000z\000n\000o\001\133\001\007\000\040\000k\000o\000d\000o\000w\000a\000n\000i\000a\000\040\000L\000D\000P\000C\000\040\000i\000\040\000o\000b\000s\001\102\000u\000g\000a\000\040\000r\000\363\001\174\000n\000y\000c\000h\000\040\000T\000B}{section.3.1}% 32
\BOOKMARK [2][-]{subsection.3.1.6}{\376\377\000W\000y\000m\000a\000g\000a\000n\000i\000a}{section.3.1}% 33
\BOOKMARK [1][-]{section.3.2}{\376\377\000I\000n\000t\000e\000r\000f\000e\000j\000s\000y\000\040\000i\000\040\000f\000o\000r\000m\000a\000t\000\040\000d\000a\000n\000y\000c\000h}{chapter.3}% 34
\BOOKMARK [2][-]{subsection.3.2.1}{\376\377\000I\000n\000t\000e\000r\000f\000e\000j\000s\000\040\000w\000e\000j\001\133\000c\000i\000o\000w\000y}{section.3.2}% 35
\BOOKMARK [2][-]{subsection.3.2.2}{\376\377\000I\000n\000t\000e\000r\000f\000e\000j\000s\000\040\000w\000y\000j\001\133\000c\000i\000o\000w\000y}{section.3.2}% 36
\BOOKMARK [1][-]{section.3.3}{\376\377\001\132\000r\000o\000d\000o\000w\000i\000s\000k\000o\000\040\000p\000r\000o\000j\000e\000k\000t\000o\000w\000e\000\040\000i\000\040\000n\000a\000r\000z\001\031\000d\000z\000i\000a}{chapter.3}% 37
\BOOKMARK [2][-]{subsection.3.3.1}{\376\377\000Q\000u\000a\000r\000t\000u\000s\000\040\000P\000r\000i\000m\000e\000\040\000L\000i\000t\000e\000\040\000E\000d\000i\000t\000i\000o\000n}{section.3.3}% 38
\BOOKMARK [2][-]{subsection.3.3.2}{\376\377\000Q\000u\000e\000s\000t\000a\000\040\000I\000n\000t\000e\000l\000\040\000S\000t\000a\000r\000t\000e\000r\000\040\000F\000P\000G\000A\000\040\000E\000d\000i\000t\000i\000o\000n}{section.3.3}% 39
\BOOKMARK [2][-]{subsection.3.3.3}{\376\377\000M\000A\000T\000L\000A\000B}{section.3.3}% 40
\BOOKMARK [0][-]{chapter.4}{\376\377\000K\000o\000n\000c\000e\000p\000c\000j\000a\000\040\000i\000\040\000r\000e\000a\000l\000i\000z\000a\000c\000j\000a\000\040\000p\000r\000o\000j\000e\000k\000t\000u}{}% 41
\BOOKMARK [1][-]{section.4.1}{\376\377\000Z\000a\001\102\000o\001\174\000e\000n\000i\000a\000\040\000a\000r\000c\000h\000i\000t\000e\000k\000t\000o\000n\000i\000c\000z\000n\000e\000\040\000t\000o\000r\000u}{chapter.4}% 42
\BOOKMARK [2][-]{subsection.4.1.1}{\376\377\000S\000t\000a\001\102\000a\000\040\000m\000a\000g\000i\000s\000t\000r\000a\000l\000a\000\040\0006\0004\000-\000b\000i\000t\000\040\000j\000a\000k\000o\000\040\000o\001\133\000\040\000p\000r\000o\000j\000e\000k\000t\000u}{section.4.1}% 43
\BOOKMARK [2][-]{subsection.4.1.2}{\376\377\000U\000p\000r\000o\000s\000z\000c\000z\000o\000n\000y\000\040\000m\000o\000d\000e\000l\000\040\000s\000t\000e\000r\000o\000w\000a\000n\000i\000a\000\040\000s\000t\000r\000u\000m\000i\000e\000n\000i\000e\000m}{section.4.1}% 44
\BOOKMARK [2][-]{subsection.4.1.3}{\376\377\000P\000r\000z\000e\000t\000w\000a\000r\000z\000a\000n\000i\000e\000\040\000b\000l\000o\000k\000o\000w\000e\000\040\000i\000\040\000r\000e\000s\000e\000t\000\040\000j\000a\000k\000o\000\040\000g\000r\000a\000n\000i\000c\000a\000\040\000t\000r\000a\000n\000s\000a\000k\000c\000j\000i}{section.4.1}% 45
\BOOKMARK [2][-]{subsection.4.1.4}{\376\377\000E\000l\000a\000s\000t\000y\000c\000z\000n\000o\001\133\001\007\000\040\000k\000o\000d\000o\000w\000a\000n\000i\000a\000\040\000L\000D\000P\000C}{section.4.1}% 46
\BOOKMARK [2][-]{subsection.4.1.5}{\376\377\000W\000e\000r\000y\000f\000i\000k\000a\000c\000j\000a\000\040\000p\000o\000p\000r\000z\000e\000z\000\040\000s\000y\000m\000u\000l\000a\000c\000j\001\031\000\040\000i\000\040\000s\000y\000n\000t\000e\000z\000o\000w\000a\000l\000n\000o\001\133\001\007}{section.4.1}% 47
\BOOKMARK [1][-]{section.4.2}{\376\377\000S\000t\000r\000u\000k\000t\000u\000r\000a\000\040\000f\000u\000n\000k\000c\000j\000o\000n\000a\000l\000n\000a\000\040\000i\000\040\000p\000r\000z\000e\000p\001\102\000y\000w\000\040\000d\000a\000n\000y\000c\000h}{chapter.4}% 48
\BOOKMARK [2][-]{subsection.4.2.1}{\376\377\000O\000g\000\363\000l\000n\000y\000\040\000p\000o\000d\000z\000i\000a\001\102\000\040\000t\000o\000r\000u\000\040\000n\000a\000\040\000e\000t\000a\000p\000y}{section.4.2}% 49
\BOOKMARK [2][-]{subsection.4.2.2}{\376\377\000P\000r\000z\000e\000p\001\102\000y\000w\000\040\000d\000a\000n\000y\000c\000h\000\040\000w\000e\000j\001\133\000c\000i\000o\000w\000y\000c\000h\000\040\000i\000\040\000m\000o\000m\000e\000n\000t\000\040\000r\000o\000z\000p\000o\000c\000z\001\031\000c\000i\000a\000\040\000p\000r\000z\000e\000t\000w\000a\000r\000z\000a\000n\000i\000a}{section.4.2}% 50
\BOOKMARK [2][-]{subsection.4.2.3}{\376\377\000P\000r\000z\000e\000p\001\102\000y\000w\000\040\000d\000a\000n\000y\000c\000h\000\040\000w\000e\000w\000n\001\005\000t\000r\000z\000\040\000t\000o\000r\000u}{section.4.2}% 51
\BOOKMARK [2][-]{subsection.4.2.4}{\376\377\000S\000t\000r\000u\000m\000i\000e\001\104\000\040\000w\000y\000j\001\133\000c\000i\000o\000w\000y\000\040\000i\000\040\000z\000a\000k\000o\001\104\000c\000z\000e\000n\000i\000e\000\040\000p\000r\000z\000e\000t\000w\000a\000r\000z\000a\000n\000i\000a}{section.4.2}% 52
\BOOKMARK [2][-]{subsection.4.2.5}{\376\377\000W\000a\000r\000i\000a\000n\000t\000y\000\040\000d\001\102\000u\000g\000o\001\133\000c\000i\000\040\000T\000B\000\040\000i\000\040\000k\000o\000n\000s\000e\000k\000w\000e\000n\000c\000j\000e\000\040\000d\000l\000a\000\040\000p\000r\000z\000e\000p\001\102\000y\000w\000u\000\040\000d\000a\000n\000y\000c\000h}{section.4.2}% 53
\BOOKMARK [1][-]{section.4.3}{\376\377\000M\000o\000d\000e\000l\000\040\000s\000t\000r\000u\000m\000i\000e\000n\000i\000o\000w\000a\000n\000i\000a\000\040\000i\000\040\000b\000u\000f\000o\000r\000o\000w\000a\000n\000i\000a\000\040\000d\000a\000n\000y\000c\000h}{chapter.4}% 54
\BOOKMARK [2][-]{subsection.4.3.1}{\376\377\000K\000o\000n\000s\000e\000k\000w\000e\000n\000c\000j\000e\000\040\000b\000r\000a\000k\000u\000\040\000s\000y\000g\000n\000a\001\102\000u\000\040\000r\000e\000a\000d\000y}{section.4.3}% 55
\BOOKMARK [2][-]{subsection.4.3.2}{\376\377\000B\000u\000f\000o\000r\000o\000w\000a\000n\000i\000e\000\040\000j\000a\000k\000o\000\040\000e\000l\000e\000m\000e\000n\000t\000\040\000a\000r\000c\000h\000i\000t\000e\000k\000t\000u\000r\000y}{section.4.3}% 56
\BOOKMARK [2][-]{subsection.4.3.3}{\376\377\000O\000b\000s\001\102\000u\000g\000a\000\040\000p\000r\000z\000e\000r\000w\000\040\000w\000\040\000s\000t\000r\000u\000m\000i\000e\000n\000i\000u\000\040\000w\000e\000j\001\133\000c\000i\000o\000w\000y\000m}{section.4.3}% 57
\BOOKMARK [2][-]{subsection.4.3.4}{\376\377\000D\000e\000t\000e\000r\000m\000i\000n\000i\000s\000t\000y\000c\000z\000n\000o\001\133\001\007\000\040\000p\000r\000z\000e\000p\001\102\000y\000w\000u}{section.4.3}% 58
\BOOKMARK [1][-]{section.4.4}{\376\377\000C\000y\000k\000l\000i\000c\000z\000n\000y\000\040\000k\000o\000d\000\040\000n\000a\000d\000m\000i\000a\000r\000o\000w\000y\000\040\000\050\000C\000R\000C\000\051}{chapter.4}% 59
\BOOKMARK [2][-]{subsection.4.4.1}{\376\377\000W\000a\000r\000i\000a\000n\000t\000\040\000b\000a\000z\000o\000w\000y\000:\000\040\000m\000o\000d\000u\001\102\000\040\000s\000z\000e\000r\000e\000g\000o\000w\000y\000\040\000c\000r\000c\000\137\000s\000e\000r\000i\000a\000l}{section.4.4}% 60
\BOOKMARK [2][-]{subsection.4.4.2}{\376\377\000R\000o\000z\000s\000z\000e\000r\000z\000e\000n\000i\000e\000\040\000m\000o\000d\000u\001\102\000u\000\040\000s\000z\000e\000r\000e\000g\000o\000w\000e\000g\000o\000\040\000o\000\040\000i\000n\000i\000c\000j\000a\000l\000i\000z\000a\000c\000j\001\031\000\040\000s\000t\000a\000n\000u\000\040\000C\000R\000C}{section.4.4}% 61
\BOOKMARK [2][-]{subsection.4.4.3}{\376\377\000M\000o\000d\000u\001\102\000\040\000c\000r\000c\000\137\000u\000p\000d\000a\000t\000e\000:\000\040\000r\000\363\000w\000n\000o\000l\000e\000g\001\102\000a\000\040\000a\000k\000t\000u\000a\000l\000i\000z\000a\000c\000j\000a\000\040\000C\000R\000C\000\040\000o\000\040\0006\0004\000\040\000b\000i\000t\000y}{section.4.4}% 62
\BOOKMARK [2][-]{subsection.4.4.4}{\376\377\000G\000e\000n\000e\000r\000o\000w\000a\000n\000i\000e\000\040\000r\000\363\000w\000n\000a\001\104\000\040\000X\000O\000R\000\040\000n\000a\000\040\000p\000o\000d\000s\000t\000a\000w\000i\000e\000\040\000m\000a\000c\000i\000e\000r\000z\000y\000\040\000H\0001\000\040\000i\000\040\000H\0002}{section.4.4}% 63
\BOOKMARK [2][-]{subsection.4.4.5}{\376\377\000M\000o\000d\000u\001\102\000\040\000c\000r\000c\000\137\000t\000b\000\137\000p\000a\000r\000a\000l\000l\000e\000l\000:\000\040\000i\000n\000t\000e\000g\000r\000a\000c\000j\000a\000\040\000t\000r\000y\000b\000u\000\040\000r\000\363\000w\000n\000o\000l\000e\000g\001\102\000e\000g\000o\000\040\000i\000\040\000s\000z\000e\000r\000e\000g\000o\000w\000e\000g\000o}{section.4.4}% 64
\BOOKMARK [2][-]{subsection.4.4.6}{\376\377\000D\000o\000b\000\363\000r\000\040\000d\001\102\000u\000g\000o\001\133\000c\000i\000\040\000C\000R\000C\000\040\000n\000a\000\040\000p\000o\000d\000s\000t\000a\000w\000i\000e\000\040\000d\001\102\000u\000g\000o\001\133\000c\000i\000\040\000T\000B}{section.4.4}% 65
\BOOKMARK [2][-]{subsection.4.4.7}{\376\377\000W\000y\000z\000n\000a\000c\000z\000e\000n\000i\000e\000\040\000k\000o\001\104\000c\000\363\000w\000k\000i\000\040\000T\000B\000\040\000\050\000`\000`\000o\000g\000o\000n\000a\000'\000'\000\051\000\040\000n\000a\000\040\000p\000o\000d\000s\000t\000a\000w\000i\000e\000\040\000t\000b\000\137\000l\000e\000n}{section.4.4}% 66
\BOOKMARK [2][-]{subsection.4.4.8}{\376\377\000T\000r\000y\000b\000\040\000S\000\137\000A\000P\000P\000E\000N\000D\000:\000\040\000o\000s\000t\000a\000t\000n\000i\000e\000\040\000s\001\102\000o\000w\000o\000\040\000p\000e\001\102\000n\000e}{section.4.4}% 67
\BOOKMARK [2][-]{subsection.4.4.9}{\376\377\000T\000r\000y\000b\000\040\000S\000\137\000S\000E\000R\000I\000A\000L\000:\000\040\000o\000s\000t\000a\000t\000n\000i\000e\000\040\000s\001\102\000o\000w\000o\000\040\000n\000i\000e\000p\000e\001\102\000n\000e}{section.4.4}% 68
\BOOKMARK [2][-]{subsection.4.4.10}{\376\377\000P\000o\000d\000s\000u\000m\000o\000w\000a\000n\000i\000e\000\040\000r\000o\000l\000i\000\040\000C\000R\000C\000\040\000w\000\040\000t\000o\000r\000z\000e}{section.4.4}% 69
\BOOKMARK [1][-]{section.4.5}{\376\377\000P\000r\000z\000y\000g\000o\000t\000o\000w\000a\000n\000i\000e\000\040\000d\000a\000n\000y\000c\000h\000\040\000d\000o\000\040\000k\000o\000d\000o\000w\000a\000n\000i\000a\000\040\000L\000D\000P\000C}{chapter.4}% 70
\BOOKMARK [2][-]{subsection.4.5.1}{\376\377\000B\000u\000f\000o\000r\000o\000w\000a\000n\000i\000e\000\040\000T\000B\000\040\000i\000\040\000r\000o\000z\000d\000z\000i\000e\000l\000e\000n\000i\000e\000\040\000f\000a\000z\000\040\000p\000r\000a\000c\000y}{section.4.5}% 71
\BOOKMARK [2][-]{subsection.4.5.2}{\376\377\000W\000y\000z\000n\000a\000c\000z\000e\000n\000i\000e\000\040\000p\000a\000r\000a\000m\000e\000t\000r\000\363\000w\000\040\000C\000R\000C\000\040\000i\000\040\000w\000i\000e\000l\000k\000o\001\133\000c\000i\000\040\000p\000o\001\133\000r\000e\000d\000n\000i\000c\000h}{section.4.5}% 72
\BOOKMARK [2][-]{subsection.4.5.3}{\376\377\000S\000e\000g\000m\000e\000n\000t\000a\000c\000j\000a\000\040\000T\000B\000\040\000n\000a\000\040\000C\000B}{section.4.5}% 73
\BOOKMARK [2][-]{subsection.4.5.4}{\376\377\000D\000o\000b\000\363\000r\000\040\000Z\000c\000,\000\040\000w\000y\000z\000n\000a\000c\000z\000e\000n\000i\000e\000\040\000k\000\040\000o\000r\000a\000z\000\040\000l\000i\000c\000z\000b\000y\000\040\000f\000i\000l\000l\000e\000r\000\040\000b\000i\000t\000s}{section.4.5}% 74
\BOOKMARK [2][-]{subsection.4.5.5}{\376\377\000F\000o\000r\000m\000o\000w\000a\000n\000i\000e\000\040\000s\000t\000r\000u\000m\000i\000e\000n\000i\000a\000\040\000w\000y\000j\001\133\000c\000i\000o\000w\000e\000g\000o\000\040\000C\000B\000\040\000n\000a\000\040\000s\000z\000y\000n\000i\000e\000\040\0006\0004\000-\000b\000i\000t}{section.4.5}% 75
\BOOKMARK [2][-]{subsection.4.5.6}{\376\377\000D\000o\000p\000i\000s\000a\000n\000i\000e\000\040\000C\000R\000C\0002\0004\000B\000\040\000d\000l\000a\000\040\000C\000B}{section.4.5}% 76
\BOOKMARK [2][-]{subsection.4.5.7}{\376\377\000M\000e\000t\000a\000d\000a\000n\000e\000\040\000k\000o\000n\000f\000i\000g\000u\000r\000a\000c\000y\000j\000n\000e\000\040\000p\000r\000z\000e\000k\000a\000z\000y\000w\000a\000n\000e\000\040\000d\000o\000\040\000k\000o\000d\000e\000r\000a\000\040\000L\000D\000P\000C}{section.4.5}% 77
\BOOKMARK [1][-]{section.4.6}{\376\377\000I\000m\000p\000l\000e\000m\000e\000n\000t\000a\000c\000j\000a\000\040\000k\000o\000d\000e\000r\000a\000\040\000L\000D\000P\000C}{chapter.4}% 78
\BOOKMARK [2][-]{subsection.4.6.1}{\376\377\000I\000n\000t\000e\000r\000f\000e\000j\000s\000\040\000w\000e\000j\001\133\000c\000i\000o\000w\000y\000\040\000i\000\040\000b\000u\000f\000o\000r\000o\000w\000a\000n\000i\000e\000\040\000d\000a\000n\000y\000c\000h}{section.4.6}% 79
\BOOKMARK [2][-]{subsection.4.6.2}{\376\377\000R\000O\000M\000\040\000o\000p\000i\000s\000u\000j\001\005\000c\000y\000\040\000g\000r\000a\000f\000\040\000b\000a\000z\000o\000w\000y\000\040\000i\000\040\000d\000o\000b\000\363\000r\000\040\000p\000a\000r\000a\000m\000e\000t\000r\000\363\000w\000\040\000z\000\040\000t\000a\000b\000l\000i\000c}{section.4.6}% 80
\BOOKMARK [2][-]{subsection.4.6.3}{\376\377\000S\000t\000r\000u\000k\000t\000u\000r\000a\000\040\000o\000b\000l\000i\000c\000z\000e\001\104\000:\000\040\000o\000k\000n\000o\000\040\000Z\000c\000,\000\040\000r\000o\000t\000a\000c\000j\000a\000\040\000i\000\040\000a\000k\000u\000m\000u\000l\000a\000c\000j\000a\000\040\000X\000O\000R}{section.4.6}% 81
\BOOKMARK [2][-]{subsection.4.6.4}{\376\377\000R\000e\000a\000l\000i\000z\000a\000c\000j\000a\000\040\000p\000r\000z\000e\000s\000u\000n\000i\001\031\000c\000i\000a\000\040\000c\000y\000k\000l\000i\000c\000z\000n\000e\000g\000o\000\040\000d\000l\000a\000\040\000b\000l\000o\000k\000u\000\040\000Z\000c}{section.4.6}% 82
\BOOKMARK [2][-]{subsection.4.6.5}{\376\377\000W\000y\000z\000n\000a\000c\000z\000a\000n\000i\000e\000\040\000b\000l\000o\000k\000\363\000w\000\040\000p\000a\000r\000z\000y\000s\000t\000o\001\133\000c\000i}{section.4.6}% 83
\BOOKMARK [2][-]{subsection.4.6.6}{\376\377\000E\000m\000i\000s\000j\000a\000\040\000d\000a\000n\000y\000c\000h\000:\000\040\000k\000o\000n\000k\000a\000t\000e\000n\000c\000j\000a\000\040\000s\000t\000r\000u\000m\000i\000e\000n\000i\000a\000\040\000C\000B}{section.4.6}% 84
\BOOKMARK [2][-]{subsection.4.6.7}{\376\377\000Z\000a\000l\001\005\001\174\000k\000i\000\040\000b\000r\000i\000t\000i\000s\000h\000r\000a\000t\000e\000\040\000m\000a\000t\000c\000h\000i\000n\000g\000'\000u}{section.4.6}% 85
\BOOKMARK [1][-]{section.4.7}{\376\377\000I\000n\000t\000e\000g\000r\000a\000c\000j\000a\000\040\000t\000o\000p\000-\000l\000e\000v\000e\000l\000\040\000i\000\040\000s\000t\000e\000r\000o\000w\000a\000n\000i\000e\000\040\000p\000r\000a\000c\001\005\000\040\000t\000o\000r\000u}{chapter.4}% 86
\BOOKMARK [0][-]{chapter.5}{\376\377\000W\000e\000r\000y\000f\000i\000k\000a\000c\000j\000a\000\040\000i\000\040\000w\000a\000l\000i\000d\000a\000c\000j\000a}{}% 87
\BOOKMARK [1][-]{section.5.1}{\376\377\000C\000e\000l\000e\000\040\000i\000\040\000k\000r\000y\000t\000e\000r\000i\000a\000\040\000p\000o\000p\000r\000a\000w\000n\000o\001\133\000c\000i}{chapter.5}% 88
\BOOKMARK [2][-]{subsection.5.1.1}{\376\377\000C\000e\000l\000e\000\040\000w\000e\000r\000y\000f\000i\000k\000a\000c\000j\000i}{section.5.1}% 89
\BOOKMARK [2][-]{subsection.5.1.2}{\376\377\000K\000r\000y\000t\000e\000r\000i\000a\000\040\000p\000o\000p\000r\000a\000w\000n\000o\001\133\000c\000i}{section.5.1}% 90
\BOOKMARK [1][-]{section.5.2}{\376\377\001\132\000r\000o\000d\000o\000w\000i\000s\000k\000o\000\040\000w\000e\000r\000y\000f\000i\000k\000a\000c\000j\000i}{chapter.5}% 91
\BOOKMARK [2][-]{subsection.5.2.1}{\376\377\000S\000y\000m\000u\000l\000a\000c\000j\000a\000\040\000H\000D\000L\000\040\000\050\000Q\000u\000e\000s\000t\000a\000\051}{section.5.2}% 92
\BOOKMARK [2][-]{subsection.5.2.2}{\376\377\000M\000o\000d\000u\001\102\000y\000\040\000t\000e\000s\000t\000o\000w\000e\000\040\000\050\000b\000r\000i\000t\000i\000s\000h\000t\000e\000s\000t\000b\000e\000n\000c\000h\000\051\000\040\000i\000\040\000a\000u\000t\000o\000m\000a\000t\000y\000z\000a\000c\000j\000a\000\040\000p\000r\000z\000e\000b\000i\000e\000g\000u\000\040\000t\000e\000s\000t\000\363\000w}{section.5.2}% 93
\BOOKMARK [2][-]{subsection.5.2.3}{\376\377\000W\000e\000k\000t\000o\000r\000y\000\040\000r\000e\000f\000e\000r\000e\000n\000c\000y\000j\000n\000e\000\040\000i\000\040\000n\000a\000r\000z\001\031\000d\000z\000i\000a\000\040\000M\000A\000T\000L\000A\000B}{section.5.2}% 94
\BOOKMARK [1][-]{section.5.3}{\376\377\000O\000r\000g\000a\000n\000i\000z\000a\000c\000j\000a\000\040\000d\000a\000n\000y\000c\000h\000\040\000t\000e\000s\000t\000o\000w\000y\000c\000h\000\040\000i\000\040\000w\000e\000k\000t\000o\000r\000\363\000w\000\040\000r\000e\000f\000e\000r\000e\000n\000c\000y\000j\000n\000y\000c\000h}{chapter.5}% 95
\BOOKMARK [2][-]{subsection.5.3.1}{\376\377\000S\000t\000r\000u\000k\000t\000u\000r\000a\000\040\000k\000a\000t\000a\000l\000o\000g\000\363\000w}{section.5.3}% 96
\BOOKMARK [2][-]{subsection.5.3.2}{\376\377\000N\000a\000z\000e\000w\000n\000i\000c\000t\000w\000o\000\040\000p\000l\000i\000k\000\363\000w\000\040\000i\000\040\000t\000y\000p\000y\000\040\000d\000a\000n\000y\000c\000h}{section.5.3}% 97
\BOOKMARK [2][-]{subsection.5.3.3}{\376\377\000F\000o\000r\000m\000a\000t\000\040\000p\000l\000i\000k\000\363\000w\000\040\000b\000i\000t\000o\000w\000y\000c\000h}{section.5.3}% 98
\BOOKMARK [2][-]{subsection.5.3.4}{\376\377\000F\000o\000r\000m\000a\000t\000\040\000p\000l\000i\000k\000\363\000w\000\040\000m\000e\000t\000a\000d\000a\000n\000y\000c\000h}{section.5.3}% 99
\BOOKMARK [1][-]{section.5.4}{\376\377\000T\000e\000s\000t\000y\000\040\000m\000o\000d\000u\001\102\000o\000w\000e}{chapter.5}% 100
\BOOKMARK [2][-]{subsection.5.4.1}{\376\377\000D\000a\000n\000e\000\040\000t\000e\000s\000t\000o\000w\000e\000,\000\040\000o\000r\000g\000a\000n\000i\000z\000a\000c\000j\000a\000\040\000p\000r\000z\000y\000p\000a\000d\000k\000\363\000w\000\040\000i\000\040\000f\000o\000r\000m\000a\000t\000\040\000p\000l\000i\000k\000\363\000w}{section.5.4}% 101
\BOOKMARK [2][-]{subsection.5.4.2}{\376\377\000W\000s\000p\000\363\000l\000n\000y\000\040\000s\000z\000k\000i\000e\000l\000e\000t\000\040\000b\000r\000i\000t\000i\000s\000h\000t\000e\000s\000t\000b\000e\000n\000c\000h\000'\000y\000\040\000i\000\040\000z\000a\000s\000a\000d\000y\000\040\000p\000o\000r\000\363\000w\000n\000y\000w\000a\000n\000i\000a}{section.5.4}% 102
\BOOKMARK [2][-]{subsection.5.4.3}{\376\377\000T\000e\000s\000t\000\040\000m\000o\000d\000u\001\102\000u\000\040\000c\000r\000c\000\137\000s\000e\000r\000i\000a\000l}{section.5.4}% 103
\BOOKMARK [2][-]{subsection.5.4.4}{\376\377\000T\000e\000s\000t\000\040\000m\000o\000d\000u\001\102\000\363\000w\000\040\000c\000r\000c\000\137\000t\000b\000\137\000p\000a\000r\000a\000l\000l\000e\000l\000\040\000o\000r\000a\000z\000\040\000c\000r\000c\000\137\000c\000b\000\137\000p\000a\000r\000a\000l\000l\000e\000l}{section.5.4}% 104
\BOOKMARK [2][-]{subsection.5.4.5}{\376\377\000T\000e\000s\000t\000\040\000m\000o\000d\000u\001\102\000u\000\040\000L\000D\000P\000C\000\137\000p\000r\000e\000p}{section.5.4}% 105
\BOOKMARK [2][-]{subsection.5.4.6}{\376\377\000T\000e\000s\000t\000\040\000m\000o\000d\000u\001\102\000u\000\040\000L\000D\000P\000C\000\137\000e\000n\000c\000o\000d\000e}{section.5.4}% 106
\BOOKMARK [2][-]{subsection.5.4.7}{\376\377\000T\000e\000s\000t\000\040\000i\000n\000t\000e\000g\000r\000a\000c\000y\000j\000n\000y\000\040\000m\000o\000d\000u\001\102\000u\000\040\000t\000o\000p\000-\000l\000e\000v\000e\000l\000\040\000P\000D\000S\000C\000H\000T\000x}{section.5.4}% 107
\BOOKMARK [1][-]{section.5.5}{\376\377\000A\000n\000a\000l\000i\000z\000a\000\040\000w\000y\000n\000i\000k\000\363\000w\000\040\000t\000e\000s\000t\000\363\000w\000\040\000i\000\040\000s\000y\000m\000u\000l\000a\000c\000j\000i}{chapter.5}% 108
\BOOKMARK [2][-]{subsection.5.5.1}{\376\377\000D\000e\000f\000i\000n\000i\000c\000j\000e\000\040\000z\000d\000a\000r\000z\000e\001\104\000\040\000i\000\040\000m\000e\000t\000r\000y\000k\000\040\000c\000z\000a\000s\000o\000w\000y\000c\000h}{section.5.5}% 109
\BOOKMARK [2][-]{subsection.5.5.2}{\376\377\000W\000y\000b\000r\000a\000n\000e\000\040\000p\000r\000z\000y\000p\000a\000d\000k\000i\000\040\000t\000e\000s\000t\000o\000w\000e\000\040\000i\000\040\000i\000c\000h\000\040\000p\000a\000r\000a\000m\000e\000t\000r\000y}{section.5.5}% 110
\BOOKMARK [2][-]{subsection.5.5.3}{\376\377\000L\000a\000t\000e\000n\000c\000j\000a\000\040\000m\000o\000d\000u\001\102\000u\000\040\000c\000r\000c\000\137\000s\000e\000r\000i\000a\000l}{section.5.5}% 111
\BOOKMARK [2][-]{subsection.5.5.4}{\376\377\000L\000a\000t\000e\000n\000c\000j\000a\000\040\000m\000o\000d\000u\001\102\000u\000\040\000c\000r\000c\000\137\000t\000b\000\137\000p\000a\000r\000a\000l\000l\000e\000l}{section.5.5}% 112
\BOOKMARK [2][-]{subsection.5.5.5}{\376\377\000L\000a\000t\000e\000n\000c\000j\000a\000\040\000m\000o\000d\000u\001\102\000u\000\040\000L\000D\000P\000C\000\137\000p\000r\000e\000p}{section.5.5}% 113
\BOOKMARK [2][-]{subsection.5.5.6}{\376\377\000L\000a\000t\000e\000n\000c\000j\000a\000\040\000m\000o\000d\000u\001\102\000u\000\040\000L\000D\000P\000C\000\137\000e\000n\000c\000o\000d\000e}{section.5.5}% 114
\BOOKMARK [2][-]{subsection.5.5.7}{\376\377\000L\000a\000t\000e\000n\000c\000j\000a\000\040\000t\000o\000r\000u\000\040\000t\000o\000p\000-\000l\000e\000v\000e\000l\000\040\000P\000D\000S\000C\000H\000T\000x}{section.5.5}% 115
\BOOKMARK [2][-]{subsection.5.5.8}{\376\377\000W\000n\000i\000o\000s\000k\000i\000\040\000z\000\040\000a\000n\000a\000l\000i\000z\000y\000\040\000l\000a\000t\000e\000n\000c\000j\000i}{section.5.5}% 116
\BOOKMARK [2][-]{subsection.5.5.9}{\376\377\000N\000a\000r\000z\000u\000t\000\040\000m\000a\000g\000i\000s\000t\000r\000a\000l\000i\000\040\0006\0004\000-\000b\000i\000t}{section.5.5}% 117
\BOOKMARK [1][-]{section.5.6}{\376\377\000W\000y\000n\000i\000k\000i\000\040\000s\000y\000n\000t\000e\000z\000y\000\040\000i\000\040\000a\000n\000a\000l\000i\000z\000a\000\040\000i\000m\000p\000l\000e\000m\000e\000n\000t\000a\000c\000y\000j\000n\000a\000\040\000w\000\040\000F\000P\000G\000A}{chapter.5}% 118
\BOOKMARK [2][-]{subsection.5.6.1}{\376\377\000K\000o\000n\000f\000i\000g\000u\000r\000a\000c\000j\000a\000\040\000n\000a\000r\000z\001\031\000d\000z\000i\000\040\000i\000\040\000z\000a\001\102\000o\001\174\000e\000n\000i\000a\000\040\000k\000o\000m\000p\000i\000l\000a\000c\000j\000i}{section.5.6}% 119
\BOOKMARK [2][-]{subsection.5.6.2}{\376\377\000W\000y\000k\000o\000r\000z\000y\000s\000t\000a\000n\000i\000e\000\040\000z\000a\000s\000o\000b\000\363\000w\000\040\000u\000k\001\102\000a\000d\000u}{section.5.6}% 120
\BOOKMARK [2][-]{subsection.5.6.3}{\376\377\000A\000n\000a\000l\000i\000z\000a\000\040\000c\000z\000a\000s\000o\000w\000a\000\040\000i\000\040\000m\000a\000k\000s\000y\000m\000a\000l\000n\000a\000\040\000c\000z\001\031\000s\000t\000o\000t\000l\000i\000w\000o\001\133\001\007\000\040\000p\000r\000a\000c\000y}{section.5.6}% 121
\BOOKMARK [2][-]{subsection.5.6.4}{\376\377\000W\000n\000i\000o\000s\000k\000i\000\040\000z\000\040\000k\000o\000m\000p\000i\000l\000a\000c\000j\000i}{section.5.6}% 122
\BOOKMARK [2][-]{subsection.5.6.5}{\376\377\000S\000z\000a\000c\000o\000w\000a\000n\000a\000\040\000p\000r\000z\000e\000p\000u\000s\000t\000o\000w\000o\001\133\001\007\000\040\000t\000o\000r\000u\000\040\000n\000a\000\040\000p\000o\000d\000s\000t\000a\000w\000i\000e\000\040\000F\000\040\000i\000\040\000l\000a\000t\000e\000n\000c\000j\000i\000\040\000s\000y\000m\000u\000l\000a\000c\000y\000j\000n\000e\000j}{section.5.6}% 123
\BOOKMARK [0][-]{chapter.6}{\376\377\000P\000o\000d\000s\000u\000m\000o\000w\000a\000n\000i\000e\000\040\000i\000\040\000w\000n\000i\000o\000s\000k\000i}{}% 124
\BOOKMARK [0][-]{section*.37}{\376\377\000B\000i\000b\000l\000i\000o\000g\000r\000a\000f\000i\000a}{}% 125
\BOOKMARK [0][-]{appendix*.39}{\376\377\000S\000p\000i\000s\000\040\000s\000k\000r\000\363\000t\000\363\000w\000\040\000i\000\040\000s\000y\000m\000b\000o\000l\000i}{}% 126
\BOOKMARK [0][-]{appendix*.40}{\376\377\001\171\000r\000\363\000d\001\102\000a}{}% 127
\BOOKMARK [0][-]{appendix*.41}{\376\377\000L\000i\000s\000t\000a\000\040\000d\000o\000d\000a\000t\000k\000o\000w\000y\000c\000h\000\040\000p\000l\000i\000k\000\363\000w\000,\000\040\000u\000z\000u\000p\000e\001\102\000n\000i\000a\000j\001\005\000c\000y\000c\000h\000\040\000t\000e\000k\000s\000t\000\040\000p\000r\000a\000c\000y}{}% 128
\BOOKMARK [0][-]{appendix*.42}{\376\377\000S\000p\000i\000s\000\040\000r\000y\000s\000u\000n\000k\000\363\000w}{}% 129
\BOOKMARK [0][-]{appendix*.43}{\376\377\000S\000p\000i\000s\000\040\000t\000a\000b\000e\000l}{}% 130
